Location        Name
--------------  ---------
southcentralus  rg-testnw


Access    DestinationAddressPrefix    DestinationPortRange    Direction    Name       Priority    Protocol    ProvisioningState    ResourceGroup    SourceAddressPrefix    SourcePortRange
--------  --------------------------  ----------------------  -----------  ---------  ----------  ----------  -------------------  ---------------  ---------------------  -----------------
Allow     *                           22                      Inbound      allow-ssh  1000        Tcp         Succeeded            rg-testnw        *                      *
Access    DestinationAddressPrefix    DestinationPortRange    Direction    Name        Priority    Protocol    ProvisioningState    ResourceGroup    SourceAddressPrefix    SourcePortRange
--------  --------------------------  ----------------------  -----------  ----------  ----------  ----------  -------------------  ---------------  ---------------------  -----------------
Allow     *                           80                      Inbound      allow-http  1001        Tcp         Succeeded            rg-testnw        *                      *
Creating Bastion Server: bastion1


MacAddress         PowerState    Zones    Fqdns    ResourceGroup    Location        PublicIpAddress    PrivateIpAddress
-----------------  ------------  -------  -------  ---------------  --------------  -----------------  ------------------
00-0D-3A-71-33-F1  VM running                      rg-testnw        southcentralus  104.215.121.118    10.10.0.4
Bastion server bastion1 created. Initing scripts ... 
AutoUpgradeMinorVersion    Location        Name          ProvisioningState    Publisher                   ResourceGroup    TypeHandlerVersion    VirtualMachineExtensionType
-------------------------  --------------  ------------  -------------------  --------------------------  ---------------  --------------------  -----------------------------
True                       southcentralus  customScript  Succeeded            Microsoft.Azure.Extensions  rg-testnw        2.0                   customScript
-----------------------------------------------
Bastion Server: bastion1 done 
-----------------------------------------------
Initing ubuntu-acc1 . Image: UbuntuLTS AcceleratedNetwork: true

MacAddress         PowerState    Zones    Fqdns    ResourceGroup    Location        PublicIpAddress    PrivateIpAddress
-----------------  ------------  -------  -------  ---------------  --------------  -----------------  ------------------
00-0D-3A-71-FB-19  VM running                      rg-testnw        southcentralus                     10.10.0.5
Vm ubuntu-acc1 created. Initing scripts
AutoUpgradeMinorVersion    Location        Name          ProvisioningState    Publisher                   ResourceGroup    TypeHandlerVersion    VirtualMachineExtensionType
-------------------------  --------------  ------------  -------------------  --------------------------  ---------------  --------------------  -----------------------------
True                       southcentralus  customScript  Succeeded            Microsoft.Azure.Extensions  rg-testnw        2.0                   customScript
-----------------------------------------------
Initing ubuntu-acc2 . Image: UbuntuLTS AcceleratedNetwork: true

MacAddress         PowerState    Zones    Fqdns    ResourceGroup    Location        PublicIpAddress    PrivateIpAddress
-----------------  ------------  -------  -------  ---------------  --------------  -----------------  ------------------
00-0D-3A-72-61-C6  VM running                      rg-testnw        southcentralus                     10.10.0.6
Vm ubuntu-acc2 created. Initing scripts
AutoUpgradeMinorVersion    Location        Name          ProvisioningState    Publisher                   ResourceGroup    TypeHandlerVersion    VirtualMachineExtensionType
-------------------------  --------------  ------------  -------------------  --------------------------  ---------------  --------------------  -----------------------------
True                       southcentralus  customScript  Succeeded            Microsoft.Azure.Extensions  rg-testnw        2.0                   customScript
-----------------------------------------------
Initing ubuntu-noacc1 
Initing ubuntu-noacc1 . Image: UbuntuLTS AcceleratedNetwork: false

MacAddress         PowerState    Zones    Fqdns    ResourceGroup    Location        PublicIpAddress    PrivateIpAddress
-----------------  ------------  -------  -------  ---------------  --------------  -----------------  ------------------
00-0D-3A-71-00-C5  VM running                      rg-testnw        southcentralus                     10.10.0.7
Vm ubuntu-noacc1 created. Initing scripts
AutoUpgradeMinorVersion    Location        Name          ProvisioningState    Publisher                   ResourceGroup    TypeHandlerVersion    VirtualMachineExtensionType
-------------------------  --------------  ------------  -------------------  --------------------------  ---------------  --------------------  -----------------------------
True                       southcentralus  customScript  Succeeded            Microsoft.Azure.Extensions  rg-testnw        2.0                   customScript
-----------------------------------------------
Initing ubuntu-noacc2 
Initing ubuntu-noacc2 . Image: UbuntuLTS AcceleratedNetwork: false

MacAddress         PowerState    Zones    Fqdns    ResourceGroup    Location        PublicIpAddress    PrivateIpAddress
-----------------  ------------  -------  -------  ---------------  --------------  -----------------  ------------------
00-0D-3A-70-55-2A  VM running                      rg-testnw        southcentralus                     10.10.0.8
Vm ubuntu-noacc2 created. Initing scripts
AutoUpgradeMinorVersion    Location        Name          ProvisioningState    Publisher                   ResourceGroup    TypeHandlerVersion    VirtualMachineExtensionType
-------------------------  --------------  ------------  -------------------  --------------------------  ---------------  --------------------  -----------------------------
True                       southcentralus  customScript  Succeeded            Microsoft.Azure.Extensions  rg-testnw        2.0                   customScript
-----------------------------------------------
centos-acc1
Initing centos-acc1 . Image: OpenLogic:CentOS:7.5:7.5.20180815 AcceleratedNetwork: true

MacAddress         PowerState    Zones    Fqdns    ResourceGroup    Location        PublicIpAddress    PrivateIpAddress
-----------------  ------------  -------  -------  ---------------  --------------  -----------------  ------------------
00-0D-3A-70-2C-6E  VM running                      rg-testnw        southcentralus                     10.10.0.9
Vm centos-acc1 created. Initing scripts
AutoUpgradeMinorVersion    Location        Name          ProvisioningState    Publisher                   ResourceGroup    TypeHandlerVersion    VirtualMachineExtensionType
-------------------------  --------------  ------------  -------------------  --------------------------  ---------------  --------------------  -----------------------------
True                       southcentralus  customScript  Succeeded            Microsoft.Azure.Extensions  rg-testnw        2.0                   customScript
-----------------------------------------------
centos-acc2
Initing centos-acc2 . Image: OpenLogic:CentOS:7.5:7.5.20180815 AcceleratedNetwork: true

MacAddress         PowerState    Zones    Fqdns    ResourceGroup    Location        PublicIpAddress    PrivateIpAddress
-----------------  ------------  -------  -------  ---------------  --------------  -----------------  ------------------
00-0D-3A-72-64-7D  VM running                      rg-testnw        southcentralus                     10.10.0.10
Vm centos-acc2 created. Initing scripts
AutoUpgradeMinorVersion    Location        Name          ProvisioningState    Publisher                   ResourceGroup    TypeHandlerVersion    VirtualMachineExtensionType
-------------------------  --------------  ------------  -------------------  --------------------------  ---------------  --------------------  -----------------------------
True                       southcentralus  customScript  Succeeded            Microsoft.Azure.Extensions  rg-testnw        2.0                   customScript
-----------------------------------------------
centos-noacc1
Initing centos-noacc1 . Image: OpenLogic:CentOS:7.5:7.5.20180815 AcceleratedNetwork: false
